# JRE version: OpenJDK Runtime Environment Temurin-21.0.10+7 (21.0.10+7) (build 21.0.10+7-LTS)
# Java VM: OpenJDK 64-Bit Server VM Temurin-21.0.10+7 (21.0.10+7-LTS, mixed mode, sharing, tiered, compressed oops, compressed class ptrs, g1 gc, windows-amd64)
GC Precious Log:
 CardTable entry size: 512
 Card Set container configuration: InlinePtr #cards 5 size 8 Array Of Cards #cards 12 size 40 Howl #buckets 4 coarsen threshold 1843 Howl Bitmap #cards 512 size 80 coarsen threshold 460 Card regions per heap region 1 cards per card region 2048
 CPUs: 8 total, 8 available
 Memory: 7455M
 Large Page Support: Disabled
 NUMA Support: Disabled
 Compressed Oops: Enabled (32-bit)
 Heap Region Size: 1M
 Heap Min Capacity: 8M
 Heap Initial Capacity: 118M
 Heap Max Capacity: 2G
 Pre-touch: Disabled
 Parallel Workers: 8
 Concurrent Workers: 2
 Concurrent Refinement Workers: 8
 Periodic GC: Disabled
Heap:
 garbage-first heap   total 135168K, used 92878K [0x0000000080000000, 0x0000000100000000)
  region size 1024K, 17 young (17408K), 4 survivors (4096K)
 Metaspace       used 71497K, committed 73472K, reserved 1114112K
  class space    used 10044K, committed 11008K, reserved 1048576K
GC Heap History (20 events):
Event: 112.735 GC heap before
{Heap before GC invocations=19 (full 0):
 garbage-first heap   total 87040K, used 77400K [0x0000000080000000, 0x0000000100000000)
  region size 1024K, 31 young (31744K), 3 survivors (3072K)
 Metaspace       used 56404K, committed 58176K, reserved 1114112K
  class space    used 8058K, committed 8960K, reserved 1048576K
}
Event: 112.742 GC heap after
{Heap after GC invocations=20 (full 0):
 garbage-first heap   total 87040K, used 49943K [0x0000000080000000, 0x0000000100000000)
  region size 1024K, 3 young (3072K), 3 survivors (3072K)
 Metaspace       used 56404K, committed 58176K, reserved 1114112K
  class space    used 8058K, committed 8960K, reserved 1048576K
}
Event: 113.857 GC heap before
{Heap before GC invocations=20 (full 0):
 garbage-first heap   total 87040K, used 67351K [0x0000000080000000, 0x0000000100000000)
  region size 1024K, 21 young (21504K), 3 survivors (3072K)
 Metaspace       used 56533K, committed 58304K, reserved 1114112K
  class space    used 8084K, committed 8960K, reserved 1048576K
}
Event: 113.866 GC heap after
{Heap after GC invocations=21 (full 0):
 garbage-first heap   total 87040K, used 51072K [0x0000000080000000, 0x0000000100000000)
  region size 1024K, 3 young (3072K), 3 survivors (3072K)
 Metaspace       used 56533K, committed 58304K, reserved 1114112K
  class space    used 8084K, committed 8960K, reserved 1048576K
}
Event: 117.357 GC heap before
{Heap before GC invocations=22 (full 0):
 garbage-first heap   total 89088K, used 86912K [0x0000000080000000, 0x0000000100000000)
  region size 1024K, 26 young (26624K), 3 survivors (3072K)
 Metaspace       used 57688K, committed 59520K, reserved 1114112K
  class space    used 8234K, committed 9152K, reserved 1048576K
}
Event: 117.369 GC heap after
{Heap after GC invocations=23 (full 0):
 garbage-first heap   total 98304K, used 70362K [0x0000000080000000, 0x0000000100000000)
  region size 1024K, 4 young (4096K), 4 survivors (4096K)
 Metaspace       used 57688K, committed 59520K, reserved 1114112K
  class space    used 8234K, committed 9152K, reserved 1048576K
}
Event: 119.051 GC heap before
{Heap before GC invocations=23 (full 0):
 garbage-first heap   total 98304K, used 89818K [0x0000000080000000, 0x0000000100000000)
  region size 1024K, 22 young (22528K), 4 survivors (4096K)
 Metaspace       used 59146K, committed 60992K, reserved 1114112K
  class space    used 8426K, committed 9344K, reserved 1048576K
}
Event: 119.057 GC heap after
{Heap after GC invocations=24 (full 0):
 garbage-first heap   total 98304K, used 71072K [0x0000000080000000, 0x0000000100000000)
  region size 1024K, 2 young (2048K), 2 survivors (2048K)
 Metaspace       used 59146K, committed 60992K, reserved 1114112K
  class space    used 8426K, committed 9344K, reserved 1048576K
}
Event: 122.062 GC heap before
{Heap before GC invocations=24 (full 0):
 garbage-first heap   total 98304K, used 87456K [0x0000000080000000, 0x0000000100000000)
  region size 1024K, 19 young (19456K), 2 survivors (2048K)
 Metaspace       used 60908K, committed 62784K, reserved 1114112K
  class space    used 8598K, committed 9536K, reserved 1048576K
}
Event: 122.068 GC heap after
{Heap after GC invocations=25 (full 0):
 garbage-first heap   total 98304K, used 71651K [0x0000000080000000, 0x0000000100000000)
  region size 1024K, 2 young (2048K), 2 survivors (2048K)
 Metaspace       used 60908K, committed 62784K, reserved 1114112K
  class space    used 8598K, committed 9536K, reserved 1048576K
}
Event: 125.931 GC heap before
{Heap before GC invocations=26 (full 0):
 garbage-first heap   total 121856K, used 90083K [0x0000000080000000, 0x0000000100000000)
  region size 1024K, 20 young (20480K), 2 survivors (2048K)
 Metaspace       used 62476K, committed 64320K, reserved 1114112K
  class space    used 8794K, committed 9728K, reserved 1048576K
}
Event: 125.936 GC heap after
{Heap after GC invocations=27 (full 0):
 garbage-first heap   total 121856K, used 72177K [0x0000000080000000, 0x0000000100000000)
  region size 1024K, 3 young (3072K), 3 survivors (3072K)
 Metaspace       used 62476K, committed 64320K, reserved 1114112K
  class space    used 8794K, committed 9728K, reserved 1048576K
}
Event: 132.137 GC heap before
{Heap before GC invocations=27 (full 0):
 garbage-first heap   total 121856K, used 109041K [0x0000000080000000, 0x0000000100000000)
  region size 1024K, 36 young (36864K), 3 survivors (3072K)
 Metaspace       used 65717K, committed 67648K, reserved 1114112K
  class space    used 9269K, committed 10240K, reserved 1048576K
}
Event: 132.156 GC heap after
{Heap after GC invocations=28 (full 0):
 garbage-first heap   total 121856K, used 81280K [0x0000000080000000, 0x0000000100000000)
  region size 1024K, 5 young (5120K), 5 survivors (5120K)
 Metaspace       used 65717K, committed 67648K, reserved 1114112K
  class space    used 9269K, committed 10240K, reserved 1048576K
}
Event: 132.596 GC heap before
{Heap before GC invocations=28 (full 0):
 garbage-first heap   total 121856K, used 82304K [0x0000000080000000, 0x0000000100000000)
  region size 1024K, 7 young (7168K), 5 survivors (5120K)
 Metaspace       used 65719K, committed 67648K, reserved 1114112K
  class space    used 9269K, committed 10240K, reserved 1048576K
}
Event: 132.606 GC heap after
{Heap after GC invocations=29 (full 0):
 garbage-first heap   total 121856K, used 79935K [0x0000000080000000, 0x0000000100000000)
  region size 1024K, 1 young (1024K), 1 survivors (1024K)
 Metaspace       used 65719K, committed 67648K, reserved 1114112K
  class space    used 9269K, committed 10240K, reserved 1048576K
}
Event: 140.699 GC heap before
{Heap before GC invocations=30 (full 0):
 garbage-first heap   total 135168K, used 106559K [0x0000000080000000, 0x0000000100000000)
  region size 1024K, 27 young (27648K), 1 survivors (1024K)
 Metaspace       used 67703K, committed 69696K, reserved 1114112K
  class space    used 9547K, committed 10496K, reserved 1048576K
}
Event: 140.706 GC heap after
{Heap after GC invocations=31 (full 0):
 garbage-first heap   total 135168K, used 80843K [0x0000000080000000, 0x0000000100000000)
  region size 1024K, 2 young (2048K), 2 survivors (2048K)
 Metaspace       used 67703K, committed 69696K, reserved 1114112K
  class space    used 9547K, committed 10496K, reserved 1048576K
}
Event: 148.558 GC heap before
{Heap before GC invocations=31 (full 0):
 garbage-first heap   total 135168K, used 116683K [0x0000000080000000, 0x0000000100000000)
  region size 1024K, 38 young (38912K), 2 survivors (2048K)
 Metaspace       used 70424K, committed 72384K, reserved 1114112K
  class space    used 9895K, committed 10880K, reserved 1048576K
}
Event: 148.570 GC heap after
{Heap after GC invocations=32 (full 0):
 garbage-first heap   total 135168K, used 80590K [0x0000000080000000, 0x0000000100000000)
  region size 1024K, 4 young (4096K), 4 survivors (4096K)
 Metaspace       used 70424K, committed 72384K, reserved 1114112K
  class space    used 9895K, committed 10880K, reserved 1048576K
}

